\BOOKMARK [1][-]{section.1}{Description of Data Sets}{}% 1
\BOOKMARK [2][-]{subsection.1.1}{Bank marketing}{section.1}% 2
\BOOKMARK [3][-]{subsubsection.1.1.1}{Description of data and problem}{subsection.1.1}% 3
\BOOKMARK [3][-]{subsubsection.1.1.2}{Why is it interesting?}{subsection.1.1}% 4
\BOOKMARK [2][-]{subsection.1.2}{Breast cancer}{section.1}% 5
\BOOKMARK [3][-]{subsubsection.1.2.1}{Description of data and problem}{subsection.1.2}% 6
\BOOKMARK [3][-]{subsubsection.1.2.2}{Why is it interesting?}{subsection.1.2}% 7
\BOOKMARK [1][-]{section.2}{Description of Methods}{}% 8
\BOOKMARK [1][-]{section.3}{Algorithm Results}{}% 9
\BOOKMARK [2][-]{subsection.3.1}{AdaBoost}{section.3}% 10
\BOOKMARK [2][-]{subsection.3.2}{k-nearest neighbors}{section.3}% 11
\BOOKMARK [2][-]{subsection.3.3}{Decision tree}{section.3}% 12
\BOOKMARK [2][-]{subsection.3.4}{Neural network}{section.3}% 13
\BOOKMARK [2][-]{subsection.3.5}{Support vector machine}{section.3}% 14
\BOOKMARK [1][-]{section.4}{Algorithm Analysis}{}% 15
\BOOKMARK [2][-]{subsection.4.1}{AdaBoost}{section.4}% 16
\BOOKMARK [2][-]{subsection.4.2}{k-nearest neighbors}{section.4}% 17
\BOOKMARK [2][-]{subsection.4.3}{Decision tree}{section.4}% 18
\BOOKMARK [2][-]{subsection.4.4}{Neural network}{section.4}% 19
\BOOKMARK [2][-]{subsection.4.5}{Support vector machine}{section.4}% 20
\BOOKMARK [1][-]{section.5}{Conclusions}{}% 21
\BOOKMARK [2][-]{subsection.5.1}{Acknowledgements}{section.5}% 22
